2021-07-26 18:36:28.625 parsl:634 Rank:0 [INFO]  Python version: 3.9.6 | packaged by conda-forge | (default, Jul 11 2021, 03:39:48) 
[GCC 9.3.0]
2021-07-26 18:36:28.625 parsl:635 Rank:0 [INFO]  Debug logging: False
2021-07-26 18:36:28.625 parsl:636 Rank:0 [INFO]  Log dir: /gxfs_work1/fs1/work-geomar3/smomw122/2021-07_parsl_first_steps/2021.07.26.1_slurm_nesh/runinfo/000/NESH_01
2021-07-26 18:36:28.625 parsl:637 Rank:0 [INFO]  Manager ID: add3269ebd56
2021-07-26 18:36:28.625 parsl:638 Rank:0 [INFO]  Block ID: 9
2021-07-26 18:36:28.625 parsl:639 Rank:0 [INFO]  cores_per_worker: 1
2021-07-26 18:36:28.625 parsl:640 Rank:0 [INFO]  mem_per_worker: None
2021-07-26 18:36:28.625 parsl:641 Rank:0 [INFO]  task_port: 54151
2021-07-26 18:36:28.625 parsl:642 Rank:0 [INFO]  result_port: 54793
2021-07-26 18:36:28.625 parsl:643 Rank:0 [INFO]  addresses: 172.18.4.13
2021-07-26 18:36:28.625 parsl:644 Rank:0 [INFO]  max_workers: inf
2021-07-26 18:36:28.625 parsl:645 Rank:0 [INFO]  poll_period: 10
2021-07-26 18:36:28.625 parsl:646 Rank:0 [INFO]  address_probe_timeout: 30
2021-07-26 18:36:28.625 parsl:647 Rank:0 [INFO]  Prefetch capacity: 0
2021-07-26 18:36:28.625 parsl:648 Rank:0 [INFO]  Heartbeat threshold: 120
2021-07-26 18:36:28.625 parsl:649 Rank:0 [INFO]  Heartbeat period: 30
2021-07-26 18:36:28.625 parsl:650 Rank:0 [INFO]  CPU affinity: none
2021-07-26 18:36:28.625 parsl:120 Rank:0 [INFO]  Manager started
2021-07-26 18:36:28.637 parsl.executors.high_throughput.probe:47 Rank:0 [INFO]  Connected to interchange on 172.18.4.13
2021-07-26 18:36:28.637 parsl:127 Rank:0 [INFO]  Connection to Interchange successful on 172.18.4.13
2021-07-26 18:36:28.637 parsl:130 Rank:0 [INFO]  Task url : tcp://172.18.4.13:54151
2021-07-26 18:36:28.637 parsl:131 Rank:0 [INFO]  Result url : tcp://172.18.4.13:54793
2021-07-26 18:36:28.637 parsl:149 Rank:0 [INFO]  Manager connected
2021-07-26 18:36:28.638 parsl:175 Rank:0 [INFO]  Manager will spawn 32 workers
2021-07-26 18:36:28.772 parsl:229 Rank:0 [INFO]  [TASK PULL THREAD] starting
2021-07-26 18:36:28.773 parsl:419 Rank:0 [INFO]  Loop start
